<?xml version="1.0" encoding="UTF-8"?>
<!-- Generated by org.testng.reporters.JUnitReportReporter -->
<testsuite skipped="1" hostname="LAPTOP-LO7MB9TB" name="findinghospitals.testcases.Testcases" tests="19" failures="0" timestamp="2021-03-09T23:30:19 IST" time="325.917" errors="0">
  <testcase name="regression_1" time="27.578" classname="findinghospitals.testcases.Testcases"/>
  <system-out/>
  <testcase name="checkLandingPage" time="10.115" classname="findinghospitals.testcases.Testcases"/>
  <system-out/>
  <testcase name="printHospitalList" time="27.598" classname="findinghospitals.testcases.Testcases"/>
  <system-out/>
  <testcase name="regression_1" time="15.477" classname="findinghospitals.testcases.Testcases"/>
  <system-out/>
  <testcase name="checkLandingPage" time="14.373" classname="findinghospitals.testcases.Testcases"/>
  <system-out/>
  <testcase name="printHospitalList" time="20.488" classname="findinghospitals.testcases.Testcases"/>
  <system-out/>
  <testcase name="regression_2" time="13.295" classname="findinghospitals.testcases.Testcases"/>
  <system-out/>
  <testcase name="checkHospitalPage" time="21.580" classname="findinghospitals.testcases.Testcases"/>
  <system-out/>
  <testcase name="printTopCities" time="16.233" classname="findinghospitals.testcases.Testcases"/>
  <system-out/>
  <testcase name="checkHospitalPage" time="23.890" classname="findinghospitals.testcases.Testcases"/>
  <system-out/>
  <testcase name="regression_2" time="16.175" classname="findinghospitals.testcases.Testcases"/>
  <system-out/>
  <testcase name="printTopCities" time="12.783" classname="findinghospitals.testcases.Testcases"/>
  <system-out/>
  <testcase name="fillTheForm" time="20.952" classname="findinghospitals.testcases.Testcases"/>
  <system-out/>
  <testcase name="checkCorporateWellnessPage" time="11.164" classname="findinghospitals.testcases.Testcases"/>
  <system-out/>
  <testcase name="checkCorporateWellnessPage" time="17.812" classname="findinghospitals.testcases.Testcases"/>
  <system-out/>
  <testcase name="fillTheForm" time="15.412" classname="findinghospitals.testcases.Testcases"/>
  <system-out/>
  <testcase name="regression_3" time="15.380" classname="findinghospitals.testcases.Testcases"/>
  <system-out/>
  <testcase name="regression_3" time="11.639" classname="findinghospitals.testcases.Testcases"/>
  <system-out/>
  <testcase name="fillTheForm" time="13.973" classname="findinghospitals.testcases.Testcases">
    <skipped/>
  </testcase> <!-- fillTheForm -->
  <system-out/>
</testsuite> <!-- findinghospitals.testcases.Testcases -->
