<?xml version="1.0" encoding="UTF-8"?>
<!-- Generated by org.testng.reporters.JUnitReportReporter -->
<testsuite skipped="0" hostname="LAPTOP-LO7MB9TB" name="findinghospitals.testcases.Testcases" tests="6" failures="0" timestamp="2021-03-09T22:51:35 IST" time="86.541" errors="0">
  <testcase name="checkLandingPage" time="13.990" classname="findinghospitals.testcases.Testcases"/>
  <system-out/>
  <testcase name="checkLandingPage" time="13.656" classname="findinghospitals.testcases.Testcases"/>
  <system-out/>
  <testcase name="checkHospitalPage" time="20.247" classname="findinghospitals.testcases.Testcases"/>
  <system-out/>
  <testcase name="checkHospitalPage" time="13.544" classname="findinghospitals.testcases.Testcases"/>
  <system-out/>
  <testcase name="checkCorporateWellnessPage" time="14.599" classname="findinghospitals.testcases.Testcases"/>
  <system-out/>
  <testcase name="checkCorporateWellnessPage" time="10.505" classname="findinghospitals.testcases.Testcases"/>
  <system-out/>
</testsuite> <!-- findinghospitals.testcases.Testcases -->
